11:00:49.685 [main] INFO  org.qaway.base.CommonAPI - browser open success
11:00:51.433 [main] INFO  org.qaway.TestLogin - page title validation success
11:00:51.848 [main] INFO  org.qaway.TestLogin - enter username success
11:00:51.955 [main] INFO  org.qaway.TestLogin - enter password success
11:00:52.082 [main] INFO  org.qaway.TestLogin - login button click success
11:00:52.208 [main] INFO  org.qaway.TestLogin - error message: Epic sadface: Password is required
11:00:52.624 [main] INFO  org.qaway.TestLogin - error message validation success
11:00:53.100 [main] INFO  org.qaway.base.CommonAPI - take screenshot for failure true
11:00:53.484 [main] INFO  org.qaway.base.CommonAPI - browser close success
11:00:57.072 [main] INFO  org.qaway.base.CommonAPI - browser open success
11:00:57.690 [main] INFO  org.qaway.TestLogin - page title validation success
11:00:57.852 [main] INFO  org.qaway.TestLogin - enter username success
11:00:58.319 [main] INFO  org.qaway.TestLogin - enter password success
11:00:58.506 [main] INFO  org.qaway.TestLogin - login button click success
11:00:58.568 [main] INFO  org.qaway.TestLogin - error message: Epic sadface: Username is required
11:00:58.911 [main] INFO  org.qaway.TestLogin - error message validation success
11:00:58.999 [main] INFO  org.qaway.base.CommonAPI - take screenshot for failure true
11:00:59.290 [main] INFO  org.qaway.base.CommonAPI - browser close success
11:01:56.592 [main] INFO  org.qaway.base.CommonAPI - browser open success
11:01:57.816 [main] INFO  org.qaway.pages.LoginPage - login process success
11:01:58.007 [main] INFO  org.qaway.pages.HomePage - products header is displayed
11:01:58.083 [main] INFO  org.qaway.pages.HomePage - click on hamburger menu success
11:01:58.244 [main] INFO  org.qaway.pages.HomePage - all items link display success
11:01:58.292 [main] INFO  org.qaway.pages.HomePage - about link display success
11:01:58.337 [main] INFO  org.qaway.pages.HomePage - logout link display success
11:01:58.384 [main] INFO  org.qaway.pages.HomePage - reset app state link display success
11:02:01.908 [main] INFO  org.qaway.pages.HomePage - click on about link success
11:02:01.921 [main] INFO  org.qaway.TestMenu - current url: https://saucelabs.com/
11:02:01.929 [main] INFO  org.qaway.TestMenu - url validation success
11:02:02.101 [main] INFO  org.qaway.pages.SLHomePage - hover over contact success
11:02:04.486 [main] INFO  org.qaway.pages.SLHomePage - click on sauce community success
11:02:04.487 [main] INFO  org.qaway.pages.SLCommunityPage - main header display success
11:02:05.180 [main] INFO  org.qaway.base.CommonAPI - take screenshot for failure true
11:02:05.816 [main] INFO  org.qaway.base.CommonAPI - browser close success
11:15:05.479 [main] INFO  org.qaway.base.CommonAPI - browser open success
11:15:08.340 [main] INFO  org.qaway.TestInitialPage - page title validation success
11:15:09.092 [main] INFO  org.qaway.base.CommonAPI - take screenshot for failure true
11:15:09.515 [main] INFO  org.qaway.base.CommonAPI - browser close success
11:15:12.991 [main] INFO  org.qaway.base.CommonAPI - browser open success
11:15:14.029 [main] INFO  org.qaway.TestInitialPage - page title validation success
11:15:14.029 [main] INFO  org.qaway.pages.LoginPage - username field displayed success
11:15:14.117 [main] INFO  org.qaway.TestInitialPage - username field is displayed
11:15:14.118 [main] INFO  org.qaway.pages.LoginPage - password field displayed success
11:15:14.178 [main] INFO  org.qaway.TestInitialPage - password field is displayed
11:15:14.179 [main] INFO  org.qaway.pages.LoginPage - login button displayed success
11:15:14.234 [main] INFO  org.qaway.TestInitialPage - login button is displayed
11:15:14.340 [main] INFO  org.qaway.base.CommonAPI - take screenshot for failure true
11:15:14.683 [main] INFO  org.qaway.base.CommonAPI - browser close success
11:16:23.692 [main] INFO  org.qaway.base.CommonAPI - browser open success
11:16:26.835 [main] INFO  org.qaway.TestInitialPage - page title validation success
11:16:26.836 [main] INFO  org.qaway.pages.LoginPage - username field displayed success
11:16:37.376 [main] INFO  org.qaway.base.CommonAPI - take screenshot for failure true
11:16:37.376 [main] INFO  org.qaway.base.CommonAPI - test failed
11:16:38.339 [main] INFO  org.qaway.base.CommonAPI - take screenshot
11:16:38.918 [main] INFO  org.qaway.base.CommonAPI - browser close success
11:17:42.512 [main] INFO  org.qaway.base.CommonAPI - browser open success
11:17:45.534 [main] INFO  org.qaway.TestInitialPage - page title validation success
11:17:45.537 [main] INFO  org.qaway.pages.LoginPage - username field displayed success
11:17:56.068 [main] INFO  org.qaway.base.CommonAPI - take screenshot for failure true
11:17:56.069 [main] INFO  org.qaway.base.CommonAPI - test failed
11:17:56.832 [main] INFO  org.qaway.base.CommonAPI - take screenshot
11:17:57.418 [main] INFO  org.qaway.base.CommonAPI - browser close success
11:19:30.116 [main] INFO  org.qaway.base.CommonAPI - browser open success
11:19:33.579 [main] INFO  org.qaway.TestInitialPage - page title validation success
11:19:44.133 [main] INFO  org.qaway.base.CommonAPI - take screenshot for failure true
11:19:44.138 [main] INFO  org.qaway.base.CommonAPI - test failed
11:19:44.782 [main] INFO  org.qaway.base.CommonAPI - take screenshot
11:19:45.099 [main] INFO  org.qaway.base.CommonAPI - browser close success
11:24:15.662 [main] INFO  org.qaway.base.CommonAPI - browser open success
11:24:18.203 [main] INFO  org.qaway.TestInitialPage - page title validation success
11:24:29.005 [main] INFO  org.qaway.base.CommonAPI - take screenshot for failure true
11:24:29.011 [main] INFO  org.qaway.base.CommonAPI - test failed
11:24:29.733 [main] INFO  org.qaway.base.CommonAPI - take screenshot
11:24:30.189 [main] INFO  org.qaway.base.CommonAPI - browser close success
11:31:33.768 [main] INFO  org.qaway.base.CommonAPI - browser open success
11:31:36.385 [main] INFO  org.qaway.TestInitialPage - page title validation success
11:31:36.387 [main] INFO  org.qaway.pages.LoginPage - checking username field is displayed ...
11:31:36.484 [main] INFO  org.qaway.TestInitialPage - username field is displayed
11:31:36.485 [main] INFO  org.qaway.pages.LoginPage - checking password field is displayed ...
11:31:36.538 [main] INFO  org.qaway.TestInitialPage - password field is displayed
11:31:36.539 [main] INFO  org.qaway.pages.LoginPage - checking login button is displayed ...
11:31:36.585 [main] INFO  org.qaway.TestInitialPage - login button is displayed
11:31:37.205 [main] INFO  org.qaway.base.CommonAPI - take screenshot for failure true
11:31:37.561 [main] INFO  org.qaway.base.CommonAPI - browser close success
11:39:57.396 [main] INFO  org.qaway.base.CommonAPI - browser open success
11:40:00.345 [main] INFO  org.qaway.TestInitialPage - page title validation success
11:40:00.345 [main] INFO  org.qaway.pages.LoginPage - checking username field is displayed ...
11:40:00.483 [main] INFO  org.qaway.TestInitialPage - username field is displayed
11:40:00.543 [main] INFO  org.qaway.pages.LoginPage - checking password field is displayed ...
11:40:00.604 [main] INFO  org.qaway.TestInitialPage - password field is displayed
11:40:00.604 [main] INFO  org.qaway.pages.LoginPage - checking login button is displayed ...
11:40:00.648 [main] INFO  org.qaway.TestInitialPage - login button is displayed
11:40:01.235 [main] INFO  org.qaway.base.CommonAPI - take screenshot for failure true
11:40:01.600 [main] INFO  org.qaway.base.CommonAPI - browser close success
11:45:40.631 [main] INFO  org.qaway.base.CommonAPI - browser open success
11:45:43.064 [main] INFO  org.qaway.TestInitialPage - page title validation success
11:45:43.067 [main] INFO  org.qaway.pages.LoginPage - checking username field is displayed ...
11:45:43.139 [main] INFO  org.qaway.TestInitialPage - username field is displayed
11:45:43.139 [main] INFO  org.qaway.pages.LoginPage - checking password field is displayed ...
11:45:43.227 [main] INFO  org.qaway.TestInitialPage - password field is displayed
11:45:43.228 [main] INFO  org.qaway.pages.LoginPage - checking login button is displayed ...
11:45:43.293 [main] INFO  org.qaway.TestInitialPage - login button is displayed
11:45:43.922 [main] INFO  org.qaway.base.CommonAPI - take screenshot for failure true
11:45:44.357 [main] INFO  org.qaway.base.CommonAPI - browser close success
11:47:45.954 [main] INFO  org.qaway.base.CommonAPI - browser open success
11:47:47.645 [main] INFO  org.qaway.TestInitialPage - page title validation success
11:47:47.645 [main] INFO  org.qaway.pages.LoginPage - checking username field is displayed ...
11:47:47.716 [main] INFO  org.qaway.TestInitialPage - username field is displayed
11:47:47.717 [main] INFO  org.qaway.pages.LoginPage - checking password field is displayed ...
11:47:47.797 [main] INFO  org.qaway.TestInitialPage - password field is displayed
11:47:47.797 [main] INFO  org.qaway.pages.LoginPage - checking login button is displayed ...
11:47:47.855 [main] INFO  org.qaway.TestInitialPage - login button is displayed
11:47:48.321 [main] INFO  org.qaway.base.CommonAPI - take screenshot for failure true
11:47:48.650 [main] INFO  org.qaway.base.CommonAPI - browser close success
11:50:10.945 [main] INFO  org.qaway.base.CommonAPI - browser open success
11:50:13.137 [main] INFO  org.qaway.TestInitialPage - page title validation success
11:50:13.138 [main] INFO  org.qaway.pages.LoginPage - checking username field is displayed ...
11:50:13.272 [main] INFO  org.qaway.TestInitialPage - username field is displayed
11:50:13.273 [main] INFO  org.qaway.pages.LoginPage - checking password field is displayed ...
11:50:13.348 [main] INFO  org.qaway.TestInitialPage - password field is displayed
11:50:13.355 [main] INFO  org.qaway.pages.LoginPage - checking login button is displayed ...
11:50:13.489 [main] INFO  org.qaway.TestInitialPage - login button is displayed
11:50:14.137 [main] INFO  org.qaway.base.CommonAPI - take screenshot for failure true
11:50:14.468 [main] INFO  org.qaway.base.CommonAPI - browser close success
11:50:17.583 [main] INFO  org.qaway.base.CommonAPI - browser open success
11:50:18.092 [main] INFO  org.qaway.TestLogin - page title validation success
11:50:18.471 [main] INFO  org.qaway.TestLogin - enter username success
